[2023-10-16T09:39:16.829] [INFO] default - get unempVeriData
[2023-10-16T09:41:31.657] [INFO] default - get unempVeriData
[2023-10-16T10:17:11.295] [INFO] default - get unempVeriData
[2023-10-16T10:20:36.682] [INFO] default - get unempVeriData
[2023-10-16T10:20:36.713] [INFO] default - get unempVeriData success
[2023-10-16T10:21:24.978] [INFO] default - get unempVeriData
[2023-10-16T10:21:25.012] [INFO] default - get unempVeriData success
[2023-10-16T10:22:35.226] [INFO] default - get unempVeriData
[2023-10-16T10:22:35.244] [INFO] default - get unempVeriData success
[2023-10-16T10:24:00.742] [INFO] default - get unempVeriData
[2023-10-16T10:24:47.910] [INFO] default - get unempVeriData
[2023-10-16T10:25:58.573] [INFO] default - get unempVeriData
[2023-10-16T10:25:58.610] [INFO] default - get unempVeriData success
[2023-10-16T10:26:33.133] [DEBUG] default - { pageNum: 1, pageSize: 10 }
[2023-10-16T10:26:33.154] [INFO] default - get unempVeriData success
[2023-10-16T10:29:39.584] [DEBUG] default - page:[object Object],skipindex:0
[2023-10-16T10:30:10.683] [DEBUG] default - page:1,skipindex:0
[2023-10-16T10:31:49.268] [DEBUG] default - [Object: null prototype] { page: '{pageNum:2,pageSize:10}' }
[2023-10-16T10:32:42.045] [DEBUG] default - [Object: null prototype] { page: 'pageNum:2,pageSize:10' }
[2023-10-16T10:33:46.684] [DEBUG] default - [Object: null prototype] { pageNum: '2', pageSize: '10' }
[2023-10-16T10:34:38.906] [DEBUG] default - [Object: null prototype] { pageNum: '2', pageSize: '10' }
[2023-10-16T10:35:31.130] [DEBUG] default - [Object: null prototype] { pageNum: '3', pageSize: '10' }
[2023-10-16T14:06:03.566] [DEBUG] default - [Object: null prototype] { pageNum: '3', pageSize: '10' }
[2023-10-16T14:29:02.575] [DEBUG] default - [Object: null prototype] { pageNum: '3', pageSize: '10' }
[2023-10-16T14:29:36.943] [DEBUG] default - [Object: null prototype] {
  pageNum: '3',
  pageSize: '10',
  personID: '310222197405233026'
}
[2023-10-16T14:31:47.572] [DEBUG] default - [Object: null prototype] {
  pageNum: '3',
  pageSize: '10',
  personID: '310222197405233026'
}
[2023-10-16T14:32:10.474] [DEBUG] default - [Object: null prototype] { personID: '310222197405233026' }
[2023-10-16T14:32:57.193] [DEBUG] default - [Object: null prototype] { pageNum: '3', pageSize: '10' }
[2023-10-16T14:35:32.692] [DEBUG] default - [Object: null prototype] { personName: '吉祥' }
[2023-10-16T14:36:37.382] [DEBUG] default - [Object: null prototype] { personName: '吉祥' }
[2023-10-16T14:36:57.029] [DEBUG] default - [Object: null prototype] { personName: '吉祥' }
[2023-10-16T14:37:00.558] [DEBUG] default - [Object: null prototype] { personName: '吉祥' }
[2023-10-16T14:39:00.660] [DEBUG] default - [Object: null prototype] { personID: '310107197406233213' }
[2023-10-16T14:40:09.333] [DEBUG] default - [Object: null prototype] { personName: '吉祥' }
[2023-10-16T14:56:44.044] [DEBUG] default - [Object: null prototype] {}
[2023-10-16T14:56:59.992] [DEBUG] default - [Object: null prototype] { pageNum: '2' }
[2023-10-16T14:57:16.999] [DEBUG] default - [Object: null prototype] { pageNum: '3' }
[2023-10-16T14:57:23.832] [DEBUG] default - [Object: null prototype] { pageNum: '100' }
[2023-10-16T14:57:29.791] [DEBUG] default - [Object: null prototype] { startDate: '2023-09-03' }
[2023-10-16T14:58:57.236] [DEBUG] default - [Object: null prototype] { startDate: '2023-09-03' }
[2023-10-16T14:59:22.126] [DEBUG] default - [Object: null prototype] { startDate: '2023-09-03' }
[2023-10-16T15:02:28.830] [DEBUG] default - [Object: null prototype] { startDate: '2023-09-03' }
[2023-10-16T15:03:56.752] [DEBUG] default - [Object: null prototype] { startDate: '2023-09-01' }
[2023-10-16T15:05:44.478] [DEBUG] default - [Object: null prototype] { startDate: '2023-09-01', pageNum: '4' }
